Report generated on: 2025-11-14 23:30:10


USE CASE 19: All capital cities in a region by population

=== ALL CAPITAL CITIES IN CARIBBEAN (BY POPULATION) ===
Hibernate: 
    /* SELECT
        new com.napier.devops.model.CapitalCity(c.name, co.name, c.population) 
    FROM
        Country co 
    JOIN
        City c 
            ON c.id = co.capital 
    WHERE
        LOWER(co.region) = LOWER(:region) 
    ORDER BY
        c.population DESC */ select
            c2_0.`Name`,
            c1_0.`Name`,
            c2_0.`Population` 
        from
            country c1_0 
        join
            city c2_0 
                on c2_0.`ID`=c1_0.`Capital` 
        where
            lower(c1_0.`Region`)=lower(?) 
        order by
            c2_0.`Population` desc
Capital City                   Country                             Population
--------------------------------------------------------------------------------
La Habana                      Cuba                                 2,256,000
Santo Domingo de Guzmán        Dominican Republic                   1,609,966
Port-au-Prince                 Haiti                                  884,472
San Juan                       Puerto Rico                            434,374
Nassau                         Bahamas                                172,000
Kingston                       Jamaica                                103,962
Fort-de-France                 Martinique                              94,050
Port-of-Spain                  Trinidad and Tobago                     43,396
Oranjestad                     Aruba                                   29,034
Saint John´s                   Antigua and Barbuda                     24,000
George Town                    Cayman Islands                          19,600
Kingstown                      Saint Vincent and the Grenadines          17,100
Roseau                         Dominica                                16,243
Charlotte Amalie               Virgin Islands, U.S.                    13,000
Basse-Terre                    Guadeloupe                              12,433
Basseterre                     Saint Kitts and Nevis                   11,600
Road Town                      Virgin Islands, British                  8,000
Bridgetown                     Barbados                                 6,070
Cockburn Town                  Turks and Caicos Islands                 4,800
Saint George´s                 Grenada                                  4,621
Willemstad                     Netherlands Antilles                     2,345
Castries                       Saint Lucia                              2,301
Plymouth                       Montserrat                               2,000
The Valley                     Anguilla                                   595
