<<<<<<< Updated upstream
Report generated on: 2025-11-17 09:44:24


USE CASE 29: The population of a country.
Hibernate: 
    /* SELECT
        co.population AS CountryPopulation 
    FROM
        Country co 
    WHERE
        co.name = :name */ select
            c1_0.`Population` 
        from
            country c1_0 
        where
            c1_0.`Name`=?

The population of Italy : 57680000
=======
Report generated on: 2025-11-17 12:10:31


USE CASE 29: The population of a country.
Hibernate: 
    /* SELECT
        co.population AS CountryPopulation 
    FROM
        Country co 
    WHERE
        co.name = :name */ select
            c1_0.`Population` 
        from
            country c1_0 
        where
            c1_0.`Name`=?

The population of Italy : 57680000
>>>>>>> Stashed changes
