Report generated on: 2025-11-12T15:38:35.820619900

=== USE CASE 31: Population by city ===

=== CITY TOTALS (DESC) — TOP 50 ===
City                      Population
-------------------------------------
Mumbai (Bombay)           10,500,000
Seoul                      9,981,619
São Paulo                  9,968,485
Shanghai                   9,696,300
Jakarta                    9,604,900
Karachi                    9,269,265
Istanbul                   8,787,958
Ciudad de México           8,591,309
Moscow                     8,389,200
New York                   8,008,278
Tokyo                      7,980,230
London                     7,624,917
Peking                     7,472,000
Delhi                      7,206,704
Cairo                      6,789,479
Teheran                    6,758,845
Lima                       6,464,693
Chongqing                  6,351,600
Bangkok                    6,320,174
Santafé de Bogotá          6,260,862
Rio de Janeiro             5,598,953
Tianjin                    5,286,800
Kinshasa                   5,064,000
Lahore                     5,063,499
Santiago de Chile          4,703,954
St Petersburg              4,694,000
Calcutta [Kolkata]         4,399,819
Wuhan                      4,344,600
Baghdad                    4,336,000
Harbin                     4,289,800
Shenyang                   4,265,200
Kanton [Guangzhou]         4,256,300
Hyderabad                  4,115,912
Singapore                  4,017,733
Ho Chi Minh City           3,980,000
Los Angeles                3,853,035
Chennai (Madras)           3,841,396
Pusan                      3,804,522
Dhaka                      3,612,850
Alexandria                 3,456,479
Berlin                     3,386,667
Rangoon (Yangon)           3,361,700
Chengdu                    3,361,500
Jokohama [Yokohama]        3,339,594
Riyadh                     3,324,000
Sydney                     3,276,207
Ankara                     3,038,159
Buenos Aires               2,982,146
Casablanca                 2,940,623
Chicago                    2,896,016

