Report generated on: 2025-11-11 14:34:21


=== USE CASE 25: Population breakdowns by country ===

=== POPULATION BREAKDOWNS BY COUNTRY ===
Hibernate: 
    /* dynamic native SQL query */ SELECT
        'country' AS type,
        country.Name AS name,
        country.Population AS totalPopulation,
        COALESCE(SUM(city.Population), 0) AS populationInCities,
        country.Population - COALESCE(SUM(city.Population), 0) AS populationNotInCities,
        ROUND(CASE 
            WHEN country.Population > 0 
                THEN COALESCE(SUM(city.Population), 0) / country.Population * 100 
            ELSE 0 
    END, 2) AS inCitiesPercentage,
    ROUND(CASE 
        WHEN country.Population > 0 
            THEN (country.Population - COALESCE(SUM(city.Population), 0)) / country.Population * 100 
        ELSE 0 
END, 2) AS notInCitiesPercentage 
FROM
    country 
LEFT JOIN
    city 
        ON country.code = city.countrycode 
GROUP BY
    country.Name,
    country.Population 
ORDER BY
    totalPopulation DESC
Type         Name                           Total Population Population in Cities Population not in Cities
---------------------------------------------------------------------------------------------------------
country      China                            1,277,558,000          175,953,614 (13.77%)        1,101,604,386 (86.23%)
country      India                            1,013,662,000          123,298,526 (12.16%)          890,363,474 (87.84%)
country      United States                      278,357,000           78,625,774 (28.25%)          199,731,226 (71.75%)
country      Indonesia                          212,107,000           37,485,695 (17.67%)          174,621,305 (82.33%)
country      Brazil                             170,115,000           85,876,862 (50.48%)           84,238,138 (49.52%)
country      Pakistan                           156,483,000           31,546,745 (20.16%)          124,936,255 (79.84%)
country      Russian Federation                 146,934,000           69,150,700 (47.06%)           77,783,300 (52.94%)
country      Bangladesh                         129,155,000            8,569,906 (6.64%)          120,585,094 (93.36%)
country      Japan                              126,714,000           77,965,107 (61.53%)           48,748,893 (38.47%)
country      Nigeria                            111,506,000           17,366,900 (15.57%)           94,139,100 (84.43%)
country      Mexico                              98,881,000           59,752,521 (60.43%)           39,128,479 (39.57%)
country      Germany                             82,164,700           26,245,483 (31.94%)           55,919,217 (68.06%)
country      Vietnam                             79,832,000            9,364,813 (11.73%)           70,467,187 (88.27%)
country      Philippines                         75,967,000           30,934,791 (40.72%)           45,032,209 (59.28%)
country      Egypt                               68,470,000           20,083,079 (29.33%)           48,386,921 (70.67%)
country      Iran                                67,702,000           26,032,990 (38.45%)           41,669,010 (61.55%)
country      Turkey                              66,591,000           28,327,028 (42.54%)           38,263,972 (57.46%)
country      Ethiopia                            62,565,000            3,190,334 (5.10%)           59,374,666 (94.90%)
country      Thailand                            61,399,000            7,953,161 (12.95%)           53,445,839 (87.05%)
country      United Kingdom                      59,623,400           22,436,673 (37.63%)           37,186,727 (62.37%)
country      France                              59,225,700            9,244,494 (15.61%)           49,981,206 (84.39%)
country      Italy                               57,680,000           15,087,019 (26.16%)           42,592,981 (73.84%)
country      Congo, The Democratic Republic of the      51,654,000            9,864,615 (19.10%)           41,789,385 (80.90%)
country      Ukraine                             50,456,000           20,074,000 (39.79%)           30,382,000 (60.21%)
country      South Korea                         46,844,000           38,999,893 (83.25%)            7,844,107 (16.75%)
country      Myanmar                             45,611,000            6,203,000 (13.60%)           39,408,000 (86.40%)
country      Colombia                            42,321,000           20,250,990 (47.85%)           22,070,010 (52.15%)
country      South Africa                        40,377,000           15,196,370 (37.64%)           25,180,630 (62.36%)
country      Spain                               39,441,700           16,669,189 (42.26%)           22,772,511 (57.74%)
country      Poland                              38,653,600           11,687,431 (30.24%)           26,966,169 (69.76%)
country      Argentina                           37,032,000           19,996,563 (54.00%)           17,035,437 (46.00%)
country      Tanzania                            33,517,000            2,944,034 (8.78%)           30,572,966 (91.22%)
country      Algeria                             31,471,000            5,192,179 (16.50%)           26,278,821 (83.50%)
country      Canada                              31,147,000           12,673,840 (40.69%)           18,473,160 (59.31%)
country      Kenya                               30,080,000            3,522,793 (11.71%)           26,557,207 (88.29%)
country      Sudan                               29,490,000            4,752,187 (16.11%)           24,737,813 (83.89%)
country      Morocco                             28,351,000            8,757,562 (30.89%)           19,593,438 (69.11%)
country      Peru                                25,662,000           12,147,242 (47.34%)           13,514,758 (52.66%)
country      Uzbekistan                          24,318,000            5,183,900 (21.32%)           19,134,100 (78.68%)
country      Venezuela                           24,170,000           12,251,091 (50.69%)           11,918,909 (49.31%)
country      North Korea                         24,039,000            6,476,751 (26.94%)           17,562,249 (73.06%)
country      Nepal                               23,930,000            1,132,403 (4.73%)           22,797,597 (95.27%)
country      Iraq                                23,115,000            8,926,041 (38.62%)           14,188,959 (61.38%)
country      Afghanistan                         22,720,000            2,332,100 (10.26%)           20,387,900 (89.74%)
country      Romania                             22,455,500            7,469,006 (33.26%)           14,986,494 (66.74%)
country      Taiwan                              22,256,000           13,569,336 (60.97%)            8,686,664 (39.03%)
country      Malaysia                            22,244,000            4,605,141 (20.70%)           17,638,859 (79.30%)
country      Uganda                              21,778,000              890,800 (4.09%)           20,887,200 (95.91%)
country      Saudi Arabia                        21,607,000           10,636,700 (49.23%)           10,970,300 (50.77%)
country      Ghana                               20,212,000            1,819,889 (9.00%)           18,392,111 (91.00%)
country      Mozambique                          19,680,000            3,143,145 (15.97%)           16,536,855 (84.03%)
country      Australia                           18,886,000           11,313,666 (59.91%)            7,572,334 (40.09%)
country      Sri Lanka                           18,827,000            1,545,000 (8.21%)           17,282,000 (91.79%)
country      Yemen                               18,112,000            1,743,700 (9.63%)           16,368,300 (90.37%)
country      Kazakstan                           16,223,000            5,484,200 (33.81%)           10,738,800 (66.19%)
country      Syria                               16,125,000            4,477,784 (27.77%)           11,647,216 (72.23%)
country      Madagascar                          15,942,000            1,123,161 (7.05%)           14,818,839 (92.95%)
country      Netherlands                         15,864,000            5,180,049 (32.65%)           10,683,951 (67.35%)
country      Chile                               15,211,000            9,717,970 (63.89%)            5,493,030 (36.11%)
country      Cameroon                            15,085,000            3,522,554 (23.35%)           11,562,446 (76.65%)
country      Côte d’Ivoire                       14,786,000            3,191,137 (21.58%)           11,594,863 (78.42%)
country      Angola                              12,878,000            2,561,600 (19.89%)           10,316,400 (80.11%)
country      Ecuador                             12,646,000            5,744,142 (45.42%)            6,901,858 (54.58%)
country      Burkina Faso                        11,937,000            1,229,000 (10.30%)           10,708,000 (89.70%)
country      Zimbabwe                            11,669,000            2,730,420 (23.40%)            8,938,580 (76.60%)
country      Guatemala                           11,385,000            1,225,188 (10.76%)           10,159,812 (89.24%)
country      Mali                                11,234,000              809,552 (7.21%)           10,424,448 (92.79%)
country      Cuba                                11,201,000            4,629,925 (41.33%)            6,571,075 (58.67%)
country      Cambodia                            11,168,000              805,055 (7.21%)           10,362,945 (92.79%)
country      Malawi                              10,925,000              914,119 (8.37%)           10,010,881 (91.63%)
country      Niger                               10,730,000              653,857 (6.09%)           10,076,143 (93.91%)
country      Yugoslavia                          10,640,000            2,189,507 (20.58%)            8,450,493 (79.42%)
country      Greece                              10,545,700            1,972,843 (18.71%)            8,572,857 (81.29%)
country      Czech Republic                      10,278,100            2,634,711 (25.63%)            7,643,389 (74.37%)
country      Belgium                             10,239,000            1,609,322 (15.72%)            8,629,678 (84.28%)
country      Belarus                             10,236,000            4,741,000 (46.32%)            5,495,000 (53.68%)
country      Somalia                             10,097,000            1,177,000 (11.66%)            8,920,000 (88.34%)
country      Hungary                             10,043,200            2,953,310 (29.41%)            7,089,890 (70.59%)
country      Portugal                             9,997,600            1,145,011 (11.45%)            8,852,589 (88.55%)
country      Tunisia                              9,586,000            1,798,500 (18.76%)            7,787,500 (81.24%)
country      Senegal                              9,481,000            2,770,458 (29.22%)            6,710,542 (70.78%)
country      Zambia                               9,169,000            2,473,500 (26.98%)            6,695,500 (73.02%)
country      Sweden                               8,861,400            2,891,431 (32.63%)            5,969,969 (67.37%)
country      Dominican Republic                   8,495,000            2,438,276 (28.70%)            6,056,724 (71.30%)
country      Bolivia                              8,329,000            3,378,644 (40.56%)            4,950,356 (59.44%)
country      Haiti                                8,222,000            1,517,338 (18.45%)            6,704,662 (81.55%)
country      Bulgaria                             8,190,900            2,696,915 (32.93%)            5,493,985 (67.07%)
country      Austria                              8,091,800            2,384,273 (29.47%)            5,707,527 (70.53%)
country      Azerbaijan                           7,734,000            2,464,000 (31.86%)            5,270,000 (68.14%)
country      Rwanda                               7,733,000              286,000 (3.70%)            7,447,000 (96.30%)
country      Chad                                 7,651,000              630,465 (8.24%)            7,020,535 (91.76%)
country      Guinea                               7,430,000            1,090,610 (14.68%)            6,339,390 (85.32%)
country      Switzerland                          7,160,400              914,200 (12.77%)            6,246,200 (87.23%)
country      Hong Kong                            6,782,000            3,300,633 (48.67%)            3,481,367 (51.33%)
country      Burundi                              6,695,000              300,000 (4.48%)            6,395,000 (95.52%)
country      Honduras                             6,485,000            1,287,000 (19.85%)            5,198,000 (80.15%)
country      El Salvador                          6,276,000            1,138,231 (18.14%)            5,137,769 (81.86%)
country      Israel                               6,217,000            2,813,000 (45.25%)            3,404,000 (54.75%)
country      Tajikistan                           6,188,000              685,500 (11.08%)            5,502,500 (88.92%)
country      Benin                                6,097,000              968,503 (15.88%)            5,128,497 (84.12%)
country      Libyan Arab Jamahiriya               5,605,000            2,697,007 (48.12%)            2,907,993 (51.88%)
country      Paraguay                             5,496,000            1,020,020 (18.56%)            4,475,980 (81.44%)
country      Laos                                 5,433,000              628,452 (11.57%)            4,804,548 (88.43%)
country      Slovakia                             5,398,700              784,143 (14.52%)            4,614,557 (85.48%)
country      Denmark                              5,330,000            1,215,945 (22.81%)            4,114,055 (77.19%)
country      Finland                              5,171,300            1,532,919 (29.64%)            3,638,381 (70.36%)
country      Jordan                               5,083,000            1,847,677 (36.35%)            3,235,323 (63.65%)
country      Nicaragua                            5,074,000            1,269,223 (25.01%)            3,804,777 (74.99%)
country      Georgia                              4,968,000            1,880,900 (37.86%)            3,087,100 (62.14%)
country      Sierra Leone                         4,854,000              850,000 (17.51%)            4,004,000 (82.49%)
country      Papua New Guinea                     4,807,000              247,000 (5.14%)            4,560,000 (94.86%)
country      Kyrgyzstan                           4,699,000              812,100 (17.28%)            3,886,900 (82.72%)
country      Togo                                 4,629,000              375,000 (8.10%)            4,254,000 (91.90%)
country      Norway                               4,478,500            1,100,028 (24.56%)            3,378,472 (75.44%)
country      Croatia                              4,473,000            1,168,883 (26.13%)            3,304,117 (73.87%)
country      Turkmenistan                         4,459,000              972,600 (21.81%)            3,486,400 (78.19%)
country      Moldova                              4,380,000            1,193,300 (27.24%)            3,186,700 (72.76%)
country      Costa Rica                           4,023,000              339,131 (8.43%)            3,683,869 (91.57%)
country      Bosnia and Herzegovina               3,972,000              599,106 (15.08%)            3,372,894 (84.92%)
country      Puerto Rico                          3,869,000            1,564,174 (40.43%)            2,304,826 (59.57%)
country      New Zealand                          3,862,000            1,847,600 (47.84%)            2,014,400 (52.16%)
country      Eritrea                              3,850,000              431,000 (11.19%)            3,419,000 (88.81%)
country      Ireland                              3,775,100              609,041 (16.13%)            3,166,059 (83.87%)
country      Lithuania                            3,698,500            1,473,317 (39.84%)            2,225,183 (60.16%)
country      Central African Republic             3,615,000              524,000 (14.50%)            3,091,000 (85.50%)
country      Singapore                            3,567,000            4,017,733 (112.64%)             -450,733 (-12.64%)
country      Armenia                              3,520,000            1,633,100 (46.39%)            1,886,900 (53.61%)
country      Albania                              3,401,200              270,000 (7.94%)            3,131,200 (92.06%)
country      Uruguay                              3,337,000            1,236,000 (37.04%)            2,101,000 (62.96%)
country      Lebanon                              3,282,000            1,340,000 (40.83%)            1,942,000 (59.17%)
country      Liberia                              3,154,000              850,000 (26.95%)            2,304,000 (73.05%)
country      Palestine                            3,101,000              902,360 (29.10%)            2,198,640 (70.90%)
country      Congo                                2,943,000            1,450,000 (49.27%)            1,493,000 (50.73%)
country      Panama                               2,856,000              786,755 (27.55%)            2,069,245 (72.45%)
country      Mauritania                           2,670,000              764,900 (28.65%)            1,905,100 (71.35%)
country      Mongolia                             2,662,000              773,700 (29.06%)            1,888,300 (70.94%)
country      Jamaica                              2,583,000              314,140 (12.16%)            2,268,860 (87.84%)
country      Oman                                 2,542,000              537,096 (21.13%)            2,004,904 (78.87%)
country      United Arab Emirates                 2,441,000            1,728,336 (70.80%)              712,664 (29.20%)
country      Latvia                               2,424,200              968,596 (39.96%)            1,455,604 (60.04%)
country      Lesotho                              2,153,000              297,000 (13.79%)            1,856,000 (86.21%)
country      Bhutan                               2,124,000               22,000 (1.04%)            2,102,000 (98.96%)
country      Macedonia                            2,024,000              444,299 (21.95%)            1,579,701 (78.05%)
country      Slovenia                             1,987,800              386,518 (19.44%)            1,601,282 (80.56%)
country      Kuwait                               1,972,000              261,252 (13.25%)            1,710,748 (86.75%)
country      Namibia                              1,726,000              169,000 (9.79%)            1,557,000 (90.21%)
country      Botswana                             1,622,000              314,822 (19.41%)            1,307,178 (80.59%)
country      Estonia                              1,439,200              505,227 (35.10%)              933,973 (64.90%)
country      Gambia                               1,305,000              144,926 (11.11%)            1,160,074 (88.89%)
country      Trinidad and Tobago                  1,295,000               99,997 (7.72%)            1,195,003 (92.28%)
country      Gabon                                1,226,000              419,000 (34.18%)              807,000 (65.82%)
country      Guinea-Bissau                        1,213,000              241,000 (19.87%)              972,000 (80.13%)
country      Mauritius                            1,158,000              337,280 (29.13%)              820,720 (70.87%)
country      Swaziland                            1,008,000               61,000 (6.05%)              947,000 (93.95%)
country      East Timor                             885,000               47,900 (5.41%)              837,100 (94.59%)
country      Guyana                                 861,000              254,000 (29.50%)              607,000 (70.50%)
country      Fiji Islands                           817,000               77,366 (9.47%)              739,634 (90.53%)
country      Cyprus                                 754,700              349,400 (46.30%)              405,300 (53.70%)
country      Réunion                                699,000              131,480 (18.81%)              567,520 (81.19%)
country      Djibouti                               638,000              383,000 (60.03%)              255,000 (39.97%)
country      Bahrain                                617,000              148,000 (23.99%)              469,000 (76.01%)
country      Qatar                                  599,000              355,000 (59.27%)              244,000 (40.73%)
country      Comoros                                578,000               36,000 (6.23%)              542,000 (93.77%)
country      Macao                                  473,000              437,500 (92.49%)               35,500 (7.51%)
country      Guadeloupe                             456,000               75,380 (16.53%)              380,620 (83.47%)
country      Equatorial Guinea                      453,000               40,000 (8.83%)              413,000 (91.17%)
country      Solomon Islands                        444,000               50,100 (11.28%)              393,900 (88.72%)
country      Luxembourg                             435,700               80,700 (18.52%)              355,000 (81.48%)
country      Cape Verde                             428,000               94,800 (22.15%)              333,200 (77.85%)
country      Suriname                               417,000              112,000 (26.86%)              305,000 (73.14%)
country      Martinique                             395,000               94,050 (23.81%)              300,950 (76.19%)
country      Malta                                  380,200               28,518 (7.50%)              351,682 (92.50%)
country      Brunei                                 328,000               21,484 (6.55%)              306,516 (93.45%)
country      Bahamas                                307,000              172,000 (56.03%)              135,000 (43.97%)
country      Western Sahara                         293,000              169,000 (57.68%)              124,000 (42.32%)
country      Maldives                               286,000               71,000 (24.83%)              215,000 (75.17%)
country      Iceland                                279,000              109,184 (39.13%)              169,816 (60.87%)
country      Barbados                               270,000                6,070 (2.25%)              263,930 (97.75%)
country      Belize                                 241,000               62,915 (26.11%)              178,085 (73.89%)
country      French Polynesia                       235,000               51,441 (21.89%)              183,559 (78.11%)
country      Netherlands Antilles                   217,000                2,345 (1.08%)              214,655 (98.92%)
country      New Caledonia                          214,000               76,293 (35.65%)              137,707 (64.35%)
country      Vanuatu                                190,000               33,700 (17.74%)              156,300 (82.26%)
country      French Guiana                          181,000               50,699 (28.01%)              130,301 (71.99%)
country      Samoa                                  180,000               35,900 (19.94%)              144,100 (80.06%)
country      Guam                                   168,000               10,639 (6.33%)              157,361 (93.67%)
country      Saint Lucia                            154,000                2,301 (1.49%)              151,699 (98.51%)
country      Mayotte                                149,000               12,000 (8.05%)              137,000 (91.95%)
country      Sao Tome and Principe                  147,000               49,541 (33.70%)               97,459 (66.30%)
country      Micronesia, Federated States of         119,000               30,600 (25.71%)               88,400 (74.29%)
country      Saint Vincent and the Grenadines         114,000               17,100 (15.00%)               96,900 (85.00%)
country      Aruba                                  103,000               29,034 (28.19%)               73,966 (71.81%)
country      Tonga                                   99,000               22,400 (22.63%)               76,600 (77.37%)
country      Grenada                                 94,000                4,621 (4.92%)               89,379 (95.08%)
country      Virgin Islands, U.S.                    93,000               13,000 (13.98%)               80,000 (86.02%)
country      Kiribati                                83,000                7,281 (8.77%)               75,719 (91.23%)
country      Andorra                                 78,000               21,189 (27.17%)               56,811 (72.83%)
country      Northern Mariana Islands                78,000                9,200 (11.79%)               68,800 (88.21%)
country      Seychelles                              77,000               41,000 (53.25%)               36,000 (46.75%)
country      Dominica                                71,000               16,243 (22.88%)               54,757 (77.12%)
country      American Samoa                          68,000                7,523 (11.06%)               60,477 (88.94%)
country      Antigua and Barbuda                     68,000               24,000 (35.29%)               44,000 (64.71%)
country      Bermuda                                 65,000                3,000 (4.62%)               62,000 (95.38%)
country      Marshall Islands                        64,000               28,000 (43.75%)               36,000 (56.25%)
country      Greenland                               56,000               13,445 (24.01%)               42,555 (75.99%)
country      Faroe Islands                           43,000               14,542 (33.82%)               28,458 (66.18%)
country      Cayman Islands                          38,000               19,600 (51.58%)               18,400 (48.42%)
country      Saint Kitts and Nevis                   38,000               11,600 (30.53%)               26,400 (69.47%)
country      Monaco                                  34,000               14,388 (42.32%)               19,612 (57.68%)
country      Liechtenstein                           32,300               10,389 (32.16%)               21,911 (67.84%)
country      San Marino                              27,000                7,096 (26.28%)               19,904 (73.72%)
country      Gibraltar                               25,000               27,025 (108.10%)               -2,025 (-8.10%)
country      Virgin Islands, British                 21,000                8,000 (38.10%)               13,000 (61.90%)
country      Cook Islands                            20,000               11,900 (59.50%)                8,100 (40.50%)
country      Palau                                   19,000               12,000 (63.16%)                7,000 (36.84%)
country      Turks and Caicos Islands                17,000                4,800 (28.24%)               12,200 (71.76%)
country      Wallis and Futuna                       15,000                1,137 (7.58%)               13,863 (92.42%)
country      Nauru                                   12,000                4,609 (38.41%)                7,391 (61.59%)
country      Tuvalu                                  12,000                4,600 (38.33%)                7,400 (61.67%)
country      Montserrat                              11,000                2,000 (18.18%)                9,000 (81.82%)
country      Anguilla                                 8,000                1,556 (19.45%)                6,444 (80.55%)
country      Saint Pierre and Miquelon                7,000                5,808 (82.97%)                1,192 (17.03%)
country      Saint Helena                             6,000                1,500 (25.00%)                4,500 (75.00%)
country      Svalbard and Jan Mayen                   3,200                1,438 (44.94%)                1,762 (55.06%)
country      Christmas Island                         2,500                  700 (28.00%)                1,800 (72.00%)
country      Falkland Islands                         2,000                1,636 (81.80%)                  364 (18.20%)
country      Norfolk Island                           2,000                  800 (40.00%)                1,200 (60.00%)
country      Niue                                     2,000                  682 (34.10%)                1,318 (65.90%)
country      Tokelau                                  2,000                  300 (15.00%)                1,700 (85.00%)
country      Holy See (Vatican City State)            1,000                  455 (45.50%)                  545 (54.50%)
country      Cocos (Keeling) Islands                    600                  670 (111.67%)                  -70 (-11.67%)
country      Pitcairn                                    50                   42 (84.00%)                    8 (16.00%)
country      Antarctica                                   0                    0 (0.00%)                    0 (0.00%)
country      French Southern territories                  0                    0 (0.00%)                    0 (0.00%)
country      Bouvet Island                                0                    0 (0.00%)                    0 (0.00%)
country      Heard Island and McDonald Islands               0                    0 (0.00%)                    0 (0.00%)
country      British Indian Ocean Territory               0                    0 (0.00%)                    0 (0.00%)
country      South Georgia and the South Sandwich Islands               0                    0 (0.00%)                    0 (0.00%)
country      United States Minor Outlying Islands               0                    0 (0.00%)                    0 (0.00%)
