Report generated on: 2025-11-13 21:23:47


=== USE CASE 30: Total population of a district ===
District: Shanghai
Hibernate: 
    /* SELECT
        c 
    FROM
        City c 
    WHERE
        c.district = :district 
    ORDER BY
        c.population DESC */ select
            c1_0.`ID`,
            c1_0.`CountryCode`,
            c1_0.`District`,
            c1_0.`Name`,
            c1_0.`Population` 
        from
            city c1_0 
        where
            c1_0.`District`=? 
        order by
            c1_0.`Population` desc
Total population of district Shanghai: 9,696,300
