Report generated on: 2025-11-12 14:52:41


=== USE CASE 2: All countries in a continent (Asia) ===

=== ALL COUNTRIES IN ASIA (BY POPULATION) ===
Hibernate: 
    /* SELECT
        c 
    FROM
        Country c 
    WHERE
        c.continent = :continent 
    ORDER BY
        c.population DESC */ select
            c1_0.`Code`,
            c1_0.`Capital`,
            c1_0.`Code2`,
            c1_0.`Continent`,
            c1_0.`GNP`,
            c1_0.`GNPOld`,
            c1_0.`GovernmentForm`,
            c1_0.`HeadOfState`,
            c1_0.`IndepYear`,
            c1_0.`LifeExpectancy`,
            c1_0.`LocalName`,
            c1_0.`Name`,
            c1_0.`Population`,
            c1_0.`Region`,
            c1_0.`SurfaceArea` 
        from
            country c1_0 
        where
            c1_0.`Continent`=? 
        order by
            c1_0.`Population` desc
Code Name                                     Continent       Region                    Population
-----------------------------------------------------------------------------------------------
CHN  China                                    Asia            Eastern Asia           1,277,558,000
IND  India                                    Asia            Southern and Central Asia   1,013,662,000
IDN  Indonesia                                Asia            Southeast Asia           212,107,000
PAK  Pakistan                                 Asia            Southern and Central Asia     156,483,000
BGD  Bangladesh                               Asia            Southern and Central Asia     129,155,000
JPN  Japan                                    Asia            Eastern Asia             126,714,000
VNM  Vietnam                                  Asia            Southeast Asia            79,832,000
PHL  Philippines                              Asia            Southeast Asia            75,967,000
IRN  Iran                                     Asia            Southern and Central Asia      67,702,000
TUR  Turkey                                   Asia            Middle East               66,591,000
THA  Thailand                                 Asia            Southeast Asia            61,399,000
KOR  South Korea                              Asia            Eastern Asia              46,844,000
MMR  Myanmar                                  Asia            Southeast Asia            45,611,000
UZB  Uzbekistan                               Asia            Southern and Central Asia      24,318,000
PRK  North Korea                              Asia            Eastern Asia              24,039,000
NPL  Nepal                                    Asia            Southern and Central Asia      23,930,000
IRQ  Iraq                                     Asia            Middle East               23,115,000
AFG  Afghanistan                              Asia            Southern and Central Asia      22,720,000
TWN  Taiwan                                   Asia            Eastern Asia              22,256,000
MYS  Malaysia                                 Asia            Southeast Asia            22,244,000
SAU  Saudi Arabia                             Asia            Middle East               21,607,000
LKA  Sri Lanka                                Asia            Southern and Central Asia      18,827,000
YEM  Yemen                                    Asia            Middle East               18,112,000
KAZ  Kazakstan                                Asia            Southern and Central Asia      16,223,000
SYR  Syria                                    Asia            Middle East               16,125,000
KHM  Cambodia                                 Asia            Southeast Asia            11,168,000
AZE  Azerbaijan                               Asia            Middle East                7,734,000
HKG  Hong Kong                                Asia            Eastern Asia               6,782,000
ISR  Israel                                   Asia            Middle East                6,217,000
TJK  Tajikistan                               Asia            Southern and Central Asia       6,188,000
LAO  Laos                                     Asia            Southeast Asia             5,433,000
JOR  Jordan                                   Asia            Middle East                5,083,000
GEO  Georgia                                  Asia            Middle East                4,968,000
KGZ  Kyrgyzstan                               Asia            Southern and Central Asia       4,699,000
TKM  Turkmenistan                             Asia            Southern and Central Asia       4,459,000
SGP  Singapore                                Asia            Southeast Asia             3,567,000
ARM  Armenia                                  Asia            Middle East                3,520,000
LBN  Lebanon                                  Asia            Middle East                3,282,000
PSE  Palestine                                Asia            Middle East                3,101,000
MNG  Mongolia                                 Asia            Eastern Asia               2,662,000
OMN  Oman                                     Asia            Middle East                2,542,000
ARE  United Arab Emirates                     Asia            Middle East                2,441,000
BTN  Bhutan                                   Asia            Southern and Central Asia       2,124,000
KWT  Kuwait                                   Asia            Middle East                1,972,000
TMP  East Timor                               Asia            Southeast Asia               885,000
CYP  Cyprus                                   Asia            Middle East                  754,700
BHR  Bahrain                                  Asia            Middle East                  617,000
QAT  Qatar                                    Asia            Middle East                  599,000
MAC  Macao                                    Asia            Eastern Asia                 473,000
BRN  Brunei                                   Asia            Southeast Asia               328,000
MDV  Maldives                                 Asia            Southern and Central Asia         286,000
