Report generated on: 2025-11-15 11:53:54


USE CASE 12: Top 10 most populated cities in the world
Hibernate: 
    /* SELECT
        c 
    FROM
        City c 
    ORDER BY
        c.population DESC 
    LIMIT
        :topN */ select
            c1_0.`ID`,
            c1_0.`CountryCode`,
            c1_0.`District`,
            c1_0.`Name`,
            c1_0.`Population` 
        from
            city c1_0 
        order by
            c1_0.`Population` desc 
        limit
            ?
Name                           Country         District                  Population
-------------------------------------------------------------------------------------
Mumbai (Bombay)                IND             Maharashtra               10,500,000
Seoul                          KOR             Seoul                      9,981,619
São Paulo                      BRA             São Paulo                  9,968,485
Shanghai                       CHN             Shanghai                   9,696,300
Jakarta                        IDN             Jakarta Raya               9,604,900
Karachi                        PAK             Sindh                      9,269,265
Istanbul                       TUR             Istanbul                   8,787,958
Ciudad de México               MEX             Distrito Federal           8,591,309
Moscow                         RUS             Moscow (City)              8,389,200
New York                       USA             New York                   8,008,278
