Report generated on: 2025-11-14 12:38:41


=== USE CASE 1: All countries in the world ===

=== ALL COUNTRIES IN THE WORLD (BY POPULATION) ===
Hibernate: 
    /* SELECT
        c 
    FROM
        Country c 
    ORDER BY
        c.population DESC */ select
            c1_0.`Code`,
            c1_0.`Capital`,
            c1_0.`Code2`,
            c1_0.`Continent`,
            c1_0.`GNP`,
            c1_0.`GNPOld`,
            c1_0.`GovernmentForm`,
            c1_0.`HeadOfState`,
            c1_0.`IndepYear`,
            c1_0.`LifeExpectancy`,
            c1_0.`LocalName`,
            c1_0.`Name`,
            c1_0.`Population`,
            c1_0.`Region`,
            c1_0.`SurfaceArea` 
        from
            country c1_0 
        order by
            c1_0.`Population` desc
Code Name                                     Continent       Region                    Population
-----------------------------------------------------------------------------------------------
CHN  China                                    Asia            Eastern Asia           1,277,558,000
IND  India                                    Asia            Southern and Central Asia   1,013,662,000
USA  United States                            North America   North America            278,357,000
IDN  Indonesia                                Asia            Southeast Asia           212,107,000
BRA  Brazil                                   South America   South America            170,115,000
PAK  Pakistan                                 Asia            Southern and Central Asia     156,483,000
RUS  Russian Federation                       Europe          Eastern Europe           146,934,000
BGD  Bangladesh                               Asia            Southern and Central Asia     129,155,000
JPN  Japan                                    Asia            Eastern Asia             126,714,000
NGA  Nigeria                                  Africa          Western Africa           111,506,000
MEX  Mexico                                   North America   Central America           98,881,000
DEU  Germany                                  Europe          Western Europe            82,164,700
VNM  Vietnam                                  Asia            Southeast Asia            79,832,000
PHL  Philippines                              Asia            Southeast Asia            75,967,000
EGY  Egypt                                    Africa          Northern Africa           68,470,000
IRN  Iran                                     Asia            Southern and Central Asia      67,702,000
TUR  Turkey                                   Asia            Middle East               66,591,000
ETH  Ethiopia                                 Africa          Eastern Africa            62,565,000
THA  Thailand                                 Asia            Southeast Asia            61,399,000
GBR  United Kingdom                           Europe          British Islands           59,623,400
FRA  France                                   Europe          Western Europe            59,225,700
ITA  Italy                                    Europe          Southern Europe           57,680,000
COD  Congo, The Democratic Republic of the    Africa          Central Africa            51,654,000
UKR  Ukraine                                  Europe          Eastern Europe            50,456,000
KOR  South Korea                              Asia            Eastern Asia              46,844,000
MMR  Myanmar                                  Asia            Southeast Asia            45,611,000
COL  Colombia                                 South America   South America             42,321,000
ZAF  South Africa                             Africa          Southern Africa           40,377,000
ESP  Spain                                    Europe          Southern Europe           39,441,700
POL  Poland                                   Europe          Eastern Europe            38,653,600
ARG  Argentina                                South America   South America             37,032,000
TZA  Tanzania                                 Africa          Eastern Africa            33,517,000
DZA  Algeria                                  Africa          Northern Africa           31,471,000
CAN  Canada                                   North America   North America             31,147,000
KEN  Kenya                                    Africa          Eastern Africa            30,080,000
SDN  Sudan                                    Africa          Northern Africa           29,490,000
MAR  Morocco                                  Africa          Northern Africa           28,351,000
PER  Peru                                     South America   South America             25,662,000
UZB  Uzbekistan                               Asia            Southern and Central Asia      24,318,000
VEN  Venezuela                                South America   South America             24,170,000
PRK  North Korea                              Asia            Eastern Asia              24,039,000
NPL  Nepal                                    Asia            Southern and Central Asia      23,930,000
IRQ  Iraq                                     Asia            Middle East               23,115,000
AFG  Afghanistan                              Asia            Southern and Central Asia      22,720,000
ROM  Romania                                  Europe          Eastern Europe            22,455,500
TWN  Taiwan                                   Asia            Eastern Asia              22,256,000
MYS  Malaysia                                 Asia            Southeast Asia            22,244,000
UGA  Uganda                                   Africa          Eastern Africa            21,778,000
SAU  Saudi Arabia                             Asia            Middle East               21,607,000
GHA  Ghana                                    Africa          Western Africa            20,212,000
MOZ  Mozambique                               Africa          Eastern Africa            19,680,000
AUS  Australia                                Oceania         Australia and New Zealand      18,886,000
LKA  Sri Lanka                                Asia            Southern and Central Asia      18,827,000
YEM  Yemen                                    Asia            Middle East               18,112,000
KAZ  Kazakstan                                Asia            Southern and Central Asia      16,223,000
SYR  Syria                                    Asia            Middle East               16,125,000
MDG  Madagascar                               Africa          Eastern Africa            15,942,000
NLD  Netherlands                              Europe          Western Europe            15,864,000
CHL  Chile                                    South America   South America             15,211,000
CMR  Cameroon                                 Africa          Central Africa            15,085,000
CIV  Côte d’Ivoire                            Africa          Western Africa            14,786,000
AGO  Angola                                   Africa          Central Africa            12,878,000
ECU  Ecuador                                  South America   South America             12,646,000
BFA  Burkina Faso                             Africa          Western Africa            11,937,000
ZWE  Zimbabwe                                 Africa          Eastern Africa            11,669,000
GTM  Guatemala                                North America   Central America           11,385,000
MLI  Mali                                     Africa          Western Africa            11,234,000
CUB  Cuba                                     North America   Caribbean                 11,201,000
KHM  Cambodia                                 Asia            Southeast Asia            11,168,000
MWI  Malawi                                   Africa          Eastern Africa            10,925,000
NER  Niger                                    Africa          Western Africa            10,730,000
YUG  Yugoslavia                               Europe          Southern Europe           10,640,000
GRC  Greece                                   Europe          Southern Europe           10,545,700
CZE  Czech Republic                           Europe          Eastern Europe            10,278,100
BEL  Belgium                                  Europe          Western Europe            10,239,000
BLR  Belarus                                  Europe          Eastern Europe            10,236,000
SOM  Somalia                                  Africa          Eastern Africa            10,097,000
HUN  Hungary                                  Europe          Eastern Europe            10,043,200
PRT  Portugal                                 Europe          Southern Europe            9,997,600
TUN  Tunisia                                  Africa          Northern Africa            9,586,000
SEN  Senegal                                  Africa          Western Africa             9,481,000
ZMB  Zambia                                   Africa          Eastern Africa             9,169,000
SWE  Sweden                                   Europe          Nordic Countries           8,861,400
DOM  Dominican Republic                       North America   Caribbean                  8,495,000
BOL  Bolivia                                  South America   South America              8,329,000
HTI  Haiti                                    North America   Caribbean                  8,222,000
BGR  Bulgaria                                 Europe          Eastern Europe             8,190,900
AUT  Austria                                  Europe          Western Europe             8,091,800
AZE  Azerbaijan                               Asia            Middle East                7,734,000
RWA  Rwanda                                   Africa          Eastern Africa             7,733,000
TCD  Chad                                     Africa          Central Africa             7,651,000
GIN  Guinea                                   Africa          Western Africa             7,430,000
CHE  Switzerland                              Europe          Western Europe             7,160,400
HKG  Hong Kong                                Asia            Eastern Asia               6,782,000
BDI  Burundi                                  Africa          Eastern Africa             6,695,000
HND  Honduras                                 North America   Central America            6,485,000
SLV  El Salvador                              North America   Central America            6,276,000
ISR  Israel                                   Asia            Middle East                6,217,000
TJK  Tajikistan                               Asia            Southern and Central Asia       6,188,000
BEN  Benin                                    Africa          Western Africa             6,097,000
LBY  Libyan Arab Jamahiriya                   Africa          Northern Africa            5,605,000
PRY  Paraguay                                 South America   South America              5,496,000
LAO  Laos                                     Asia            Southeast Asia             5,433,000
SVK  Slovakia                                 Europe          Eastern Europe             5,398,700
DNK  Denmark                                  Europe          Nordic Countries           5,330,000
FIN  Finland                                  Europe          Nordic Countries           5,171,300
JOR  Jordan                                   Asia            Middle East                5,083,000
NIC  Nicaragua                                North America   Central America            5,074,000
GEO  Georgia                                  Asia            Middle East                4,968,000
SLE  Sierra Leone                             Africa          Western Africa             4,854,000
PNG  Papua New Guinea                         Oceania         Melanesia                  4,807,000
KGZ  Kyrgyzstan                               Asia            Southern and Central Asia       4,699,000
TGO  Togo                                     Africa          Western Africa             4,629,000
NOR  Norway                                   Europe          Nordic Countries           4,478,500
HRV  Croatia                                  Europe          Southern Europe            4,473,000
TKM  Turkmenistan                             Asia            Southern and Central Asia       4,459,000
MDA  Moldova                                  Europe          Eastern Europe             4,380,000
CRI  Costa Rica                               North America   Central America            4,023,000
BIH  Bosnia and Herzegovina                   Europe          Southern Europe            3,972,000
PRI  Puerto Rico                              North America   Caribbean                  3,869,000
NZL  New Zealand                              Oceania         Australia and New Zealand       3,862,000
ERI  Eritrea                                  Africa          Eastern Africa             3,850,000
IRL  Ireland                                  Europe          British Islands            3,775,100
LTU  Lithuania                                Europe          Baltic Countries           3,698,500
CAF  Central African Republic                 Africa          Central Africa             3,615,000
SGP  Singapore                                Asia            Southeast Asia             3,567,000
ARM  Armenia                                  Asia            Middle East                3,520,000
ALB  Albania                                  Europe          Southern Europe            3,401,200
URY  Uruguay                                  South America   South America              3,337,000
LBN  Lebanon                                  Asia            Middle East                3,282,000
LBR  Liberia                                  Africa          Western Africa             3,154,000
PSE  Palestine                                Asia            Middle East                3,101,000
COG  Congo                                    Africa          Central Africa             2,943,000
PAN  Panama                                   North America   Central America            2,856,000
MRT  Mauritania                               Africa          Western Africa             2,670,000
MNG  Mongolia                                 Asia            Eastern Asia               2,662,000
JAM  Jamaica                                  North America   Caribbean                  2,583,000
OMN  Oman                                     Asia            Middle East                2,542,000
ARE  United Arab Emirates                     Asia            Middle East                2,441,000
LVA  Latvia                                   Europe          Baltic Countries           2,424,200
LSO  Lesotho                                  Africa          Southern Africa            2,153,000
BTN  Bhutan                                   Asia            Southern and Central Asia       2,124,000
MKD  Macedonia                                Europe          Southern Europe            2,024,000
SVN  Slovenia                                 Europe          Southern Europe            1,987,800
KWT  Kuwait                                   Asia            Middle East                1,972,000
NAM  Namibia                                  Africa          Southern Africa            1,726,000
BWA  Botswana                                 Africa          Southern Africa            1,622,000
EST  Estonia                                  Europe          Baltic Countries           1,439,200
GMB  Gambia                                   Africa          Western Africa             1,305,000
TTO  Trinidad and Tobago                      North America   Caribbean                  1,295,000
GAB  Gabon                                    Africa          Central Africa             1,226,000
GNB  Guinea-Bissau                            Africa          Western Africa             1,213,000
MUS  Mauritius                                Africa          Eastern Africa             1,158,000
SWZ  Swaziland                                Africa          Southern Africa            1,008,000
TMP  East Timor                               Asia            Southeast Asia               885,000
GUY  Guyana                                   South America   South America                861,000
FJI  Fiji Islands                             Oceania         Melanesia                    817,000
CYP  Cyprus                                   Asia            Middle East                  754,700
REU  Réunion                                  Africa          Eastern Africa               699,000
DJI  Djibouti                                 Africa          Eastern Africa               638,000
BHR  Bahrain                                  Asia            Middle East                  617,000
QAT  Qatar                                    Asia            Middle East                  599,000
COM  Comoros                                  Africa          Eastern Africa               578,000
MAC  Macao                                    Asia            Eastern Asia                 473,000
GLP  Guadeloupe                               North America   Caribbean                    456,000
GNQ  Equatorial Guinea                        Africa          Central Africa               453,000
SLB  Solomon Islands                          Oceania         Melanesia                    444,000
LUX  Luxembourg                               Europe          Western Europe               435,700
CPV  Cape Verde                               Africa          Western Africa               428,000
SUR  Suriname                                 South America   South America                417,000
MTQ  Martinique                               North America   Caribbean                    395,000
MLT  Malta                                    Europe          Southern Europe              380,200
BRN  Brunei                                   Asia            Southeast Asia               328,000
BHS  Bahamas                                  North America   Caribbean                    307,000
ESH  Western Sahara                           Africa          Northern Africa              293,000
MDV  Maldives                                 Asia            Southern and Central Asia         286,000
ISL  Iceland                                  Europe          Nordic Countries             279,000
BRB  Barbados                                 North America   Caribbean                    270,000
BLZ  Belize                                   North America   Central America              241,000
PYF  French Polynesia                         Oceania         Polynesia                    235,000
ANT  Netherlands Antilles                     North America   Caribbean                    217,000
NCL  New Caledonia                            Oceania         Melanesia                    214,000
VUT  Vanuatu                                  Oceania         Melanesia                    190,000
GUF  French Guiana                            South America   South America                181,000
WSM  Samoa                                    Oceania         Polynesia                    180,000
GUM  Guam                                     Oceania         Micronesia                   168,000
LCA  Saint Lucia                              North America   Caribbean                    154,000
MYT  Mayotte                                  Africa          Eastern Africa               149,000
STP  Sao Tome and Principe                    Africa          Central Africa               147,000
FSM  Micronesia, Federated States of          Oceania         Micronesia                   119,000
VCT  Saint Vincent and the Grenadines         North America   Caribbean                    114,000
ABW  Aruba                                    North America   Caribbean                    103,000
TON  Tonga                                    Oceania         Polynesia                     99,000
GRD  Grenada                                  North America   Caribbean                     94,000
VIR  Virgin Islands, U.S.                     North America   Caribbean                     93,000
KIR  Kiribati                                 Oceania         Micronesia                    83,000
AND  Andorra                                  Europe          Southern Europe               78,000
MNP  Northern Mariana Islands                 Oceania         Micronesia                    78,000
SYC  Seychelles                               Africa          Eastern Africa                77,000
DMA  Dominica                                 North America   Caribbean                     71,000
ASM  American Samoa                           Oceania         Polynesia                     68,000
ATG  Antigua and Barbuda                      North America   Caribbean                     68,000
BMU  Bermuda                                  North America   North America                 65,000
MHL  Marshall Islands                         Oceania         Micronesia                    64,000
GRL  Greenland                                North America   North America                 56,000
FRO  Faroe Islands                            Europe          Nordic Countries              43,000
CYM  Cayman Islands                           North America   Caribbean                     38,000
KNA  Saint Kitts and Nevis                    North America   Caribbean                     38,000
MCO  Monaco                                   Europe          Western Europe                34,000
LIE  Liechtenstein                            Europe          Western Europe                32,300
SMR  San Marino                               Europe          Southern Europe               27,000
GIB  Gibraltar                                Europe          Southern Europe               25,000
VGB  Virgin Islands, British                  North America   Caribbean                     21,000
COK  Cook Islands                             Oceania         Polynesia                     20,000
PLW  Palau                                    Oceania         Micronesia                    19,000
TCA  Turks and Caicos Islands                 North America   Caribbean                     17,000
WLF  Wallis and Futuna                        Oceania         Polynesia                     15,000
NRU  Nauru                                    Oceania         Micronesia                    12,000
TUV  Tuvalu                                   Oceania         Polynesia                     12,000
MSR  Montserrat                               North America   Caribbean                     11,000
AIA  Anguilla                                 North America   Caribbean                      8,000
SPM  Saint Pierre and Miquelon                North America   North America                  7,000
SHN  Saint Helena                             Africa          Western Africa                 6,000
SJM  Svalbard and Jan Mayen                   Europe          Nordic Countries               3,200
CXR  Christmas Island                         Oceania         Australia and New Zealand           2,500
FLK  Falkland Islands                         South America   South America                  2,000
NFK  Norfolk Island                           Oceania         Australia and New Zealand           2,000
NIU  Niue                                     Oceania         Polynesia                      2,000
TKL  Tokelau                                  Oceania         Polynesia                      2,000
VAT  Holy See (Vatican City State)            Europe          Southern Europe                1,000
CCK  Cocos (Keeling) Islands                  Oceania         Australia and New Zealand             600
PCN  Pitcairn                                 Oceania         Polynesia                         50
ATA  Antarctica                               Antarctica      Antarctica                         0
ATF  French Southern territories              Antarctica      Antarctica                         0
BVT  Bouvet Island                            Antarctica      Antarctica                         0
HMD  Heard Island and McDonald Islands        Antarctica      Antarctica                         0
IOT  British Indian Ocean Territory           Africa          Eastern Africa                     0
SGS  South Georgia and the South Sandwich Islands Antarctica      Antarctica                         0
UMI  United States Minor Outlying Islands     Oceania         Micronesia/Caribbean               0
